{"/Users/paulyap/Desktop/Desktop_important/workspace/experiment/nodejs/fornetserve/index.js": {"path":"/Users/paulyap/Desktop/Desktop_important/workspace/experiment/nodejs/fornetserve/index.js","statementMap":{"0":{"start":{"line":1,"column":20},"end":{"line":1,"column":35}},"1":{"start":{"line":2,"column":21},"end":{"line":2,"column":37}},"2":{"start":{"line":3,"column":25},"end":{"line":3,"column":55}},"3":{"start":{"line":4,"column":19},"end":{"line":4,"column":50}},"4":{"start":{"line":7,"column":12},"end":{"line":7,"column":26}},"5":{"start":{"line":12,"column":4},"end":{"line":37,"column":7}},"6":{"start":{"line":14,"column":8},"end":{"line":14,"column":35}},"7":{"start":{"line":15,"column":22},"end":{"line":20,"column":19}},"8":{"start":{"line":17,"column":12},"end":{"line":17,"column":30}},"9":{"start":{"line":18,"column":12},"end":{"line":18,"column":25}},"10":{"start":{"line":21,"column":21},"end":{"line":28,"column":10}},"11":{"start":{"line":23,"column":12},"end":{"line":23,"column":32}},"12":{"start":{"line":25,"column":12},"end":{"line":25,"column":25}},"13":{"start":{"line":26,"column":12},"end":{"line":26,"column":22}},"14":{"start":{"line":30,"column":8},"end":{"line":35,"column":11}},"15":{"start":{"line":32,"column":12},"end":{"line":32,"column":32}},"16":{"start":{"line":33,"column":12},"end":{"line":33,"column":24}},"17":{"start":{"line":42,"column":0},"end":{"line":78,"column":2}},"18":{"start":{"line":44,"column":26},"end":{"line":44,"column":42}},"19":{"start":{"line":45,"column":4},"end":{"line":45,"column":29}},"20":{"start":{"line":46,"column":4},"end":{"line":46,"column":40}},"21":{"start":{"line":47,"column":19},"end":{"line":47,"column":73}},"22":{"start":{"line":51,"column":23},"end":{"line":54,"column":5}},"23":{"start":{"line":60,"column":21},"end":{"line":74,"column":6}},"24":{"start":{"line":62,"column":12},"end":{"line":72,"column":7}},"25":{"start":{"line":64,"column":14},"end":{"line":64,"column":93}},"26":{"start":{"line":65,"column":14},"end":{"line":65,"column":22}},"27":{"start":{"line":69,"column":21},"end":{"line":69,"column":66}},"28":{"start":{"line":70,"column":8},"end":{"line":70,"column":80}},"29":{"start":{"line":71,"column":8},"end":{"line":71,"column":21}},"30":{"start":{"line":76,"column":4},"end":{"line":76,"column":21}},"31":{"start":{"line":79,"column":0},"end":{"line":119,"column":2}},"32":{"start":{"line":81,"column":26},"end":{"line":81,"column":42}},"33":{"start":{"line":83,"column":4},"end":{"line":83,"column":40}},"34":{"start":{"line":84,"column":19},"end":{"line":84,"column":74}},"35":{"start":{"line":85,"column":23},"end":{"line":88,"column":5}},"36":{"start":{"line":102,"column":20},"end":{"line":116,"column":6}},"37":{"start":{"line":104,"column":4},"end":{"line":114,"column":7}},"38":{"start":{"line":106,"column":6},"end":{"line":106,"column":85}},"39":{"start":{"line":107,"column":6},"end":{"line":107,"column":14}},"40":{"start":{"line":111,"column":17},"end":{"line":111,"column":70}},"41":{"start":{"line":112,"column":4},"end":{"line":112,"column":84}},"42":{"start":{"line":113,"column":4},"end":{"line":113,"column":17}},"43":{"start":{"line":118,"column":4},"end":{"line":118,"column":21}},"44":{"start":{"line":121,"column":0},"end":{"line":125,"column":2}},"45":{"start":{"line":123,"column":4},"end":{"line":123,"column":36}}},"fnMap":{"0":{"name":"checkConnection","decl":{"start":{"line":10,"column":9},"end":{"line":10,"column":24}},"loc":{"start":{"line":10,"column":47},"end":{"line":39,"column":1}},"line":10},"1":{"name":"(anonymous_1)","decl":{"start":{"line":12,"column":23},"end":{"line":12,"column":24}},"loc":{"start":{"line":12,"column":50},"end":{"line":37,"column":5}},"line":12},"2":{"name":"(anonymous_2)","decl":{"start":{"line":15,"column":33},"end":{"line":15,"column":34}},"loc":{"start":{"line":15,"column":45},"end":{"line":20,"column":9}},"line":15},"3":{"name":"(anonymous_3)","decl":{"start":{"line":21,"column":54},"end":{"line":21,"column":55}},"loc":{"start":{"line":21,"column":66},"end":{"line":28,"column":9}},"line":21},"4":{"name":"(anonymous_4)","decl":{"start":{"line":30,"column":27},"end":{"line":30,"column":28}},"loc":{"start":{"line":30,"column":42},"end":{"line":35,"column":9}},"line":30},"5":{"name":"(anonymous_5)","decl":{"start":{"line":42,"column":15},"end":{"line":42,"column":16}},"loc":{"start":{"line":42,"column":38},"end":{"line":78,"column":1}},"line":42},"6":{"name":"(anonymous_6)","decl":{"start":{"line":60,"column":33},"end":{"line":60,"column":34}},"loc":{"start":{"line":60,"column":60},"end":{"line":74,"column":5}},"line":60},"7":{"name":"(anonymous_7)","decl":{"start":{"line":62,"column":67},"end":{"line":62,"column":68}},"loc":{"start":{"line":62,"column":79},"end":{"line":67,"column":5}},"line":62},"8":{"name":"(anonymous_8)","decl":{"start":{"line":67,"column":7},"end":{"line":67,"column":8}},"loc":{"start":{"line":67,"column":28},"end":{"line":72,"column":5}},"line":67},"9":{"name":"(anonymous_9)","decl":{"start":{"line":79,"column":16},"end":{"line":79,"column":17}},"loc":{"start":{"line":79,"column":39},"end":{"line":119,"column":1}},"line":79},"10":{"name":"(anonymous_10)","decl":{"start":{"line":102,"column":32},"end":{"line":102,"column":33}},"loc":{"start":{"line":102,"column":59},"end":{"line":116,"column":5}},"line":102},"11":{"name":"(anonymous_11)","decl":{"start":{"line":104,"column":59},"end":{"line":104,"column":60}},"loc":{"start":{"line":104,"column":71},"end":{"line":109,"column":5}},"line":104},"12":{"name":"(anonymous_12)","decl":{"start":{"line":109,"column":7},"end":{"line":109,"column":8}},"loc":{"start":{"line":109,"column":28},"end":{"line":114,"column":5}},"line":109},"13":{"name":"(anonymous_13)","decl":{"start":{"line":121,"column":20},"end":{"line":121,"column":21}},"loc":{"start":{"line":121,"column":38},"end":{"line":125,"column":1}},"line":121}},"branchMap":{"0":{"loc":{"start":{"line":14,"column":18},"end":{"line":14,"column":34}},"type":"binary-expr","locations":[{"start":{"line":14,"column":18},"end":{"line":14,"column":25}},{"start":{"line":14,"column":29},"end":{"line":14,"column":34}}],"line":14}},"s":{"0":1,"1":1,"2":1,"3":1,"4":1,"5":1,"6":1,"7":1,"8":0,"9":0,"10":1,"11":0,"12":0,"13":0,"14":1,"15":1,"16":1,"17":1,"18":1,"19":1,"20":1,"21":1,"22":1,"23":1,"24":1,"25":0,"26":0,"27":1,"28":1,"29":1,"30":1,"31":1,"32":0,"33":0,"34":0,"35":0,"36":0,"37":0,"38":0,"39":0,"40":0,"41":0,"42":0,"43":0,"44":1,"45":1},"f":{"0":1,"1":1,"2":0,"3":0,"4":1,"5":1,"6":1,"7":0,"8":1,"9":0,"10":0,"11":0,"12":0,"13":1},"b":{"0":[1,1]},"_coverageSchema":"1a1c01bbd47fc00a2c39e90264f33305004495a9","hash":"741010687befb264eb10ceef594b83165ac5dba3"}
,"/Users/paulyap/Desktop/Desktop_important/workspace/experiment/nodejs/fornetserve/library/appserver.js": {"path":"/Users/paulyap/Desktop/Desktop_important/workspace/experiment/nodejs/fornetserve/library/appserver.js","statementMap":{"0":{"start":{"line":1,"column":38},"end":{"line":1,"column":78}},"1":{"start":{"line":7,"column":8},"end":{"line":7,"column":25}},"2":{"start":{"line":8,"column":8},"end":{"line":8,"column":29}},"3":{"start":{"line":9,"column":8},"end":{"line":9,"column":25}},"4":{"start":{"line":10,"column":8},"end":{"line":10,"column":29}},"5":{"start":{"line":16,"column":8},"end":{"line":16,"column":69}},"6":{"start":{"line":22,"column":8},"end":{"line":22,"column":67}},"7":{"start":{"line":28,"column":8},"end":{"line":28,"column":66}},"8":{"start":{"line":34,"column":8},"end":{"line":34,"column":68}},"9":{"start":{"line":40,"column":8},"end":{"line":40,"column":66}},"10":{"start":{"line":46,"column":8},"end":{"line":46,"column":77}},"11":{"start":{"line":52,"column":8},"end":{"line":52,"column":53}},"12":{"start":{"line":58,"column":0},"end":{"line":62,"column":2}},"13":{"start":{"line":60,"column":4},"end":{"line":60,"column":33}}},"fnMap":{"0":{"name":"(anonymous_0)","decl":{"start":{"line":5,"column":4},"end":{"line":5,"column":5}},"loc":{"start":{"line":5,"column":25},"end":{"line":12,"column":5}},"line":5},"1":{"name":"(anonymous_1)","decl":{"start":{"line":14,"column":4},"end":{"line":14,"column":5}},"loc":{"start":{"line":14,"column":32},"end":{"line":18,"column":5}},"line":14},"2":{"name":"(anonymous_2)","decl":{"start":{"line":20,"column":4},"end":{"line":20,"column":5}},"loc":{"start":{"line":20,"column":30},"end":{"line":24,"column":5}},"line":20},"3":{"name":"(anonymous_3)","decl":{"start":{"line":26,"column":4},"end":{"line":26,"column":5}},"loc":{"start":{"line":26,"column":29},"end":{"line":30,"column":5}},"line":26},"4":{"name":"(anonymous_4)","decl":{"start":{"line":32,"column":4},"end":{"line":32,"column":5}},"loc":{"start":{"line":32,"column":31},"end":{"line":36,"column":5}},"line":32},"5":{"name":"(anonymous_5)","decl":{"start":{"line":38,"column":4},"end":{"line":38,"column":5}},"loc":{"start":{"line":38,"column":29},"end":{"line":42,"column":5}},"line":38},"6":{"name":"(anonymous_6)","decl":{"start":{"line":44,"column":4},"end":{"line":44,"column":5}},"loc":{"start":{"line":44,"column":36},"end":{"line":48,"column":5}},"line":44},"7":{"name":"(anonymous_7)","decl":{"start":{"line":50,"column":4},"end":{"line":50,"column":5}},"loc":{"start":{"line":50,"column":28},"end":{"line":54,"column":5}},"line":50},"8":{"name":"(anonymous_8)","decl":{"start":{"line":58,"column":17},"end":{"line":58,"column":18}},"loc":{"start":{"line":58,"column":35},"end":{"line":62,"column":1}},"line":58}},"branchMap":{},"s":{"0":1,"1":1,"2":1,"3":1,"4":1,"5":0,"6":0,"7":2,"8":0,"9":0,"10":0,"11":0,"12":1,"13":1},"f":{"0":1,"1":0,"2":0,"3":2,"4":0,"5":0,"6":0,"7":0,"8":1},"b":{},"_coverageSchema":"1a1c01bbd47fc00a2c39e90264f33305004495a9","hash":"5fdbd04390c54995d387c4c6b3ab3a4503eeac63"}
,"/Users/paulyap/Desktop/Desktop_important/workspace/experiment/nodejs/fornetserve/library/request.js": {"path":"/Users/paulyap/Desktop/Desktop_important/workspace/experiment/nodejs/fornetserve/library/request.js","statementMap":{"0":{"start":{"line":7,"column":8},"end":{"line":7,"column":27}},"1":{"start":{"line":13,"column":0},"end":{"line":17,"column":2}},"2":{"start":{"line":15,"column":4},"end":{"line":15,"column":37}}},"fnMap":{"0":{"name":"(anonymous_0)","decl":{"start":{"line":5,"column":4},"end":{"line":5,"column":5}},"loc":{"start":{"line":5,"column":22},"end":{"line":9,"column":5}},"line":5},"1":{"name":"(anonymous_1)","decl":{"start":{"line":13,"column":17},"end":{"line":13,"column":18}},"loc":{"start":{"line":13,"column":35},"end":{"line":17,"column":1}},"line":13}},"branchMap":{},"s":{"0":2,"1":1,"2":2},"f":{"0":2,"1":2},"b":{},"_coverageSchema":"1a1c01bbd47fc00a2c39e90264f33305004495a9","hash":"fb8a474ebb0778d5800ea73a733b9b6b06b6b30c"}
,"/Users/paulyap/Desktop/Desktop_important/workspace/experiment/nodejs/fornetserve/library/response.js": {"path":"/Users/paulyap/Desktop/Desktop_important/workspace/experiment/nodejs/fornetserve/library/response.js","statementMap":{"0":{"start":{"line":2,"column":21},"end":{"line":2,"column":41}},"1":{"start":{"line":3,"column":24},"end":{"line":3,"column":64}},"2":{"start":{"line":5,"column":21},"end":{"line":5,"column":24}},"3":{"start":{"line":6,"column":18},"end":{"line":6,"column":20}},"4":{"start":{"line":12,"column":8},"end":{"line":12,"column":27}},"5":{"start":{"line":13,"column":8},"end":{"line":13,"column":41}},"6":{"start":{"line":19,"column":8},"end":{"line":23,"column":9}},"7":{"start":{"line":21,"column":12},"end":{"line":21,"column":35}},"8":{"start":{"line":25,"column":8},"end":{"line":25,"column":31}},"9":{"start":{"line":31,"column":8},"end":{"line":35,"column":9}},"10":{"start":{"line":33,"column":12},"end":{"line":33,"column":32}},"11":{"start":{"line":37,"column":8},"end":{"line":37,"column":28}},"12":{"start":{"line":43,"column":8},"end":{"line":43,"column":58}},"13":{"start":{"line":49,"column":8},"end":{"line":49,"column":32}},"14":{"start":{"line":55,"column":0},"end":{"line":59,"column":2}},"15":{"start":{"line":57,"column":4},"end":{"line":57,"column":46}}},"fnMap":{"0":{"name":"(anonymous_0)","decl":{"start":{"line":10,"column":4},"end":{"line":10,"column":5}},"loc":{"start":{"line":10,"column":30},"end":{"line":15,"column":5}},"line":10},"1":{"name":"(anonymous_1)","decl":{"start":{"line":17,"column":4},"end":{"line":17,"column":5}},"loc":{"start":{"line":17,"column":18},"end":{"line":27,"column":5}},"line":17},"2":{"name":"(anonymous_2)","decl":{"start":{"line":29,"column":4},"end":{"line":29,"column":5}},"loc":{"start":{"line":29,"column":19},"end":{"line":39,"column":5}},"line":29},"3":{"name":"(anonymous_3)","decl":{"start":{"line":41,"column":4},"end":{"line":41,"column":5}},"loc":{"start":{"line":41,"column":28},"end":{"line":45,"column":5}},"line":41},"4":{"name":"(anonymous_4)","decl":{"start":{"line":47,"column":4},"end":{"line":47,"column":5}},"loc":{"start":{"line":47,"column":20},"end":{"line":51,"column":5}},"line":47},"5":{"name":"(anonymous_5)","decl":{"start":{"line":55,"column":17},"end":{"line":55,"column":18}},"loc":{"start":{"line":55,"column":43},"end":{"line":59,"column":1}},"line":55}},"branchMap":{"0":{"loc":{"start":{"line":19,"column":8},"end":{"line":23,"column":9}},"type":"if","locations":[{"start":{"line":19,"column":8},"end":{"line":23,"column":9}},{"start":{"line":19,"column":8},"end":{"line":23,"column":9}}],"line":19},"1":{"loc":{"start":{"line":31,"column":8},"end":{"line":35,"column":9}},"type":"if","locations":[{"start":{"line":31,"column":8},"end":{"line":35,"column":9}},{"start":{"line":31,"column":8},"end":{"line":35,"column":9}}],"line":31}},"s":{"0":1,"1":1,"2":1,"3":1,"4":2,"5":2,"6":4,"7":2,"8":4,"9":4,"10":2,"11":4,"12":0,"13":2,"14":1,"15":2},"f":{"0":2,"1":4,"2":4,"3":0,"4":2,"5":2},"b":{"0":[2,2],"1":[2,2]},"_coverageSchema":"1a1c01bbd47fc00a2c39e90264f33305004495a9","hash":"5c308f0a06e017a0b71afab399dd5fbba6b3fb7f"}
,"/Users/paulyap/Desktop/Desktop_important/workspace/experiment/nodejs/fornetserve/module/http/request_verify.js": {"path":"/Users/paulyap/Desktop/Desktop_important/workspace/experiment/nodejs/fornetserve/module/http/request_verify.js","statementMap":{"0":{"start":{"line":7,"column":8},"end":{"line":7,"column":27}},"1":{"start":{"line":13,"column":0},"end":{"line":17,"column":2}},"2":{"start":{"line":15,"column":4},"end":{"line":15,"column":34}}},"fnMap":{"0":{"name":"(anonymous_0)","decl":{"start":{"line":5,"column":4},"end":{"line":5,"column":5}},"loc":{"start":{"line":5,"column":22},"end":{"line":9,"column":5}},"line":5},"1":{"name":"(anonymous_1)","decl":{"start":{"line":13,"column":17},"end":{"line":13,"column":18}},"loc":{"start":{"line":13,"column":32},"end":{"line":17,"column":1}},"line":13}},"branchMap":{},"s":{"0":0,"1":1,"2":0},"f":{"0":0,"1":0},"b":{},"_coverageSchema":"1a1c01bbd47fc00a2c39e90264f33305004495a9","hash":"2025eb9ffb84265456c01f49fd67cf45228853e7"}
,"/Users/paulyap/Desktop/Desktop_important/workspace/experiment/nodejs/fornetserve/module/http/response_verify.js": {"path":"/Users/paulyap/Desktop/Desktop_important/workspace/experiment/nodejs/fornetserve/module/http/response_verify.js","statementMap":{"0":{"start":{"line":6,"column":8},"end":{"line":6,"column":34}},"1":{"start":{"line":7,"column":8},"end":{"line":7,"column":42}},"2":{"start":{"line":14,"column":8},"end":{"line":18,"column":11}},"3":{"start":{"line":16,"column":12},"end":{"line":16,"column":82}},"4":{"start":{"line":24,"column":8},"end":{"line":24,"column":64}},"5":{"start":{"line":30,"column":8},"end":{"line":30,"column":69}},"6":{"start":{"line":36,"column":8},"end":{"line":36,"column":22}},"7":{"start":{"line":37,"column":8},"end":{"line":37,"column":23}},"8":{"start":{"line":38,"column":8},"end":{"line":38,"column":22}},"9":{"start":{"line":45,"column":0},"end":{"line":49,"column":2}},"10":{"start":{"line":47,"column":4},"end":{"line":47,"column":43}}},"fnMap":{"0":{"name":"(anonymous_0)","decl":{"start":{"line":4,"column":4},"end":{"line":4,"column":5}},"loc":{"start":{"line":4,"column":34},"end":{"line":9,"column":5}},"line":4},"1":{"name":"(anonymous_1)","decl":{"start":{"line":11,"column":4},"end":{"line":11,"column":5}},"loc":{"start":{"line":11,"column":14},"end":{"line":20,"column":5}},"line":11},"2":{"name":"(anonymous_2)","decl":{"start":{"line":14,"column":51},"end":{"line":14,"column":52}},"loc":{"start":{"line":14,"column":62},"end":{"line":18,"column":9}},"line":14},"3":{"name":"(anonymous_3)","decl":{"start":{"line":22,"column":4},"end":{"line":22,"column":5}},"loc":{"start":{"line":22,"column":14},"end":{"line":26,"column":5}},"line":22},"4":{"name":"(anonymous_4)","decl":{"start":{"line":28,"column":4},"end":{"line":28,"column":5}},"loc":{"start":{"line":28,"column":15},"end":{"line":32,"column":5}},"line":28},"5":{"name":"(anonymous_5)","decl":{"start":{"line":34,"column":4},"end":{"line":34,"column":5}},"loc":{"start":{"line":34,"column":18},"end":{"line":40,"column":5}},"line":34},"6":{"name":"(anonymous_6)","decl":{"start":{"line":45,"column":17},"end":{"line":45,"column":18}},"loc":{"start":{"line":45,"column":40},"end":{"line":49,"column":1}},"line":45}},"branchMap":{},"s":{"0":2,"1":2,"2":2,"3":0,"4":2,"5":2,"6":2,"7":2,"8":2,"9":1,"10":2},"f":{"0":2,"1":2,"2":0,"3":2,"4":2,"5":2,"6":2},"b":{},"_coverageSchema":"1a1c01bbd47fc00a2c39e90264f33305004495a9","hash":"3f8ec3dfd909a8c98e9d1fad98f43abb0f804ea0"}
,"/Users/paulyap/Desktop/Desktop_important/workspace/experiment/nodejs/fornetserve/module/http/routes.js": {"path":"/Users/paulyap/Desktop/Desktop_important/workspace/experiment/nodejs/fornetserve/module/http/routes.js","statementMap":{"0":{"start":{"line":2,"column":16},"end":{"line":2,"column":48}},"1":{"start":{"line":3,"column":17},"end":{"line":3,"column":50}},"2":{"start":{"line":5,"column":23},"end":{"line":5,"column":50}},"3":{"start":{"line":6,"column":25},"end":{"line":6,"column":53}},"4":{"start":{"line":8,"column":18},"end":{"line":8,"column":20}},"5":{"start":{"line":9,"column":18},"end":{"line":9,"column":20}},"6":{"start":{"line":15,"column":8},"end":{"line":15,"column":29}},"7":{"start":{"line":21,"column":8},"end":{"line":21,"column":29}},"8":{"start":{"line":28,"column":24},"end":{"line":28,"column":29}},"9":{"start":{"line":29,"column":29},"end":{"line":29,"column":41}},"10":{"start":{"line":30,"column":30},"end":{"line":30,"column":56}},"11":{"start":{"line":32,"column":8},"end":{"line":41,"column":11}},"12":{"start":{"line":34,"column":12},"end":{"line":39,"column":13}},"13":{"start":{"line":36,"column":16},"end":{"line":36,"column":33}},"14":{"start":{"line":37,"column":16},"end":{"line":37,"column":63}},"15":{"start":{"line":42,"column":8},"end":{"line":47,"column":9}},"16":{"start":{"line":44,"column":12},"end":{"line":44,"column":38}},"17":{"start":{"line":45,"column":12},"end":{"line":45,"column":48}},"18":{"start":{"line":49,"column":37},"end":{"line":49,"column":73}},"19":{"start":{"line":51,"column":8},"end":{"line":51,"column":43}},"20":{"start":{"line":57,"column":0},"end":{"line":57,"column":23}}},"fnMap":{"0":{"name":"(anonymous_0)","decl":{"start":{"line":13,"column":4},"end":{"line":13,"column":5}},"loc":{"start":{"line":13,"column":23},"end":{"line":17,"column":5}},"line":13},"1":{"name":"(anonymous_1)","decl":{"start":{"line":19,"column":4},"end":{"line":19,"column":5}},"loc":{"start":{"line":19,"column":23},"end":{"line":23,"column":5}},"line":19},"2":{"name":"(anonymous_2)","decl":{"start":{"line":26,"column":4},"end":{"line":26,"column":5}},"loc":{"start":{"line":26,"column":30},"end":{"line":53,"column":5}},"line":26},"3":{"name":"(anonymous_3)","decl":{"start":{"line":32,"column":28},"end":{"line":32,"column":29}},"loc":{"start":{"line":32,"column":39},"end":{"line":41,"column":9}},"line":32}},"branchMap":{"0":{"loc":{"start":{"line":34,"column":12},"end":{"line":39,"column":13}},"type":"if","locations":[{"start":{"line":34,"column":12},"end":{"line":39,"column":13}},{"start":{"line":34,"column":12},"end":{"line":39,"column":13}}],"line":34},"1":{"loc":{"start":{"line":34,"column":16},"end":{"line":34,"column":103}},"type":"binary-expr","locations":[{"start":{"line":34,"column":16},"end":{"line":34,"column":45}},{"start":{"line":34,"column":49},"end":{"line":34,"column":103}}],"line":34},"2":{"loc":{"start":{"line":42,"column":8},"end":{"line":47,"column":9}},"type":"if","locations":[{"start":{"line":42,"column":8},"end":{"line":47,"column":9}},{"start":{"line":42,"column":8},"end":{"line":47,"column":9}}],"line":42}},"s":{"0":1,"1":1,"2":1,"3":1,"4":1,"5":1,"6":1,"7":0,"8":2,"9":2,"10":2,"11":2,"12":4,"13":1,"14":1,"15":2,"16":1,"17":1,"18":2,"19":2,"20":1},"f":{"0":1,"1":0,"2":2,"3":4},"b":{"0":[1,3],"1":[4,1],"2":[1,1]},"_coverageSchema":"1a1c01bbd47fc00a2c39e90264f33305004495a9","hash":"68214e7da0646d5ea6cb2d6457b261ae8fb6e2a6"}
,"/Users/paulyap/Desktop/Desktop_important/workspace/experiment/nodejs/fornetserve/module/model/route_mapping.js": {"path":"/Users/paulyap/Desktop/Desktop_important/workspace/experiment/nodejs/fornetserve/module/model/route_mapping.js","statementMap":{"0":{"start":{"line":18,"column":21},"end":{"line":18,"column":30}},"1":{"start":{"line":20,"column":4},"end":{"line":20,"column":31}},"2":{"start":{"line":21,"column":4},"end":{"line":21,"column":35}},"3":{"start":{"line":22,"column":4},"end":{"line":22,"column":31}},"4":{"start":{"line":23,"column":4},"end":{"line":23,"column":35}},"5":{"start":{"line":25,"column":4},"end":{"line":25,"column":20}},"6":{"start":{"line":43,"column":21},"end":{"line":43,"column":30}},"7":{"start":{"line":45,"column":4},"end":{"line":45,"column":31}},"8":{"start":{"line":46,"column":4},"end":{"line":46,"column":33}},"9":{"start":{"line":48,"column":4},"end":{"line":48,"column":20}},"10":{"start":{"line":51,"column":0},"end":{"line":51,"column":38}},"11":{"start":{"line":52,"column":0},"end":{"line":52,"column":36}}},"fnMap":{"0":{"name":"routeMapping","decl":{"start":{"line":16,"column":9},"end":{"line":16,"column":21}},"loc":{"start":{"line":16,"column":51},"end":{"line":27,"column":1}},"line":16},"1":{"name":"headerMapping","decl":{"start":{"line":41,"column":9},"end":{"line":41,"column":22}},"loc":{"start":{"line":41,"column":37},"end":{"line":50,"column":1}},"line":41}},"branchMap":{},"s":{"0":2,"1":2,"2":2,"3":2,"4":2,"5":2,"6":0,"7":0,"8":0,"9":0,"10":1,"11":1},"f":{"0":2,"1":0},"b":{},"_coverageSchema":"1a1c01bbd47fc00a2c39e90264f33305004495a9","hash":"03bb2f751d8e1dc59f1abb7ef4fedeaf3ea10255"}
}
