TN:
SF:index.js
FN:10,checkConnection
FN:12,(anonymous_1)
FN:15,(anonymous_2)
FN:21,(anonymous_3)
FN:30,(anonymous_4)
FN:42,(anonymous_5)
FN:60,(anonymous_6)
FN:62,(anonymous_7)
FN:67,(anonymous_8)
FN:79,(anonymous_9)
FN:102,(anonymous_10)
FN:104,(anonymous_11)
FN:109,(anonymous_12)
FN:121,(anonymous_13)
FNF:14
FNH:7
FNDA:1,checkConnection
FNDA:1,(anonymous_1)
FNDA:0,(anonymous_2)
FNDA:0,(anonymous_3)
FNDA:1,(anonymous_4)
FNDA:1,(anonymous_5)
FNDA:1,(anonymous_6)
FNDA:0,(anonymous_7)
FNDA:1,(anonymous_8)
FNDA:0,(anonymous_9)
FNDA:0,(anonymous_10)
FNDA:0,(anonymous_11)
FNDA:0,(anonymous_12)
FNDA:1,(anonymous_13)
DA:1,1
DA:2,1
DA:3,1
DA:4,1
DA:7,1
DA:12,1
DA:14,1
DA:15,1
DA:17,0
DA:18,0
DA:21,1
DA:23,0
DA:25,0
DA:26,0
DA:30,1
DA:32,1
DA:33,1
DA:42,1
DA:44,1
DA:45,1
DA:46,1
DA:47,1
DA:51,1
DA:60,1
DA:62,1
DA:64,0
DA:65,0
DA:69,1
DA:70,1
DA:71,1
DA:76,1
DA:79,1
DA:81,0
DA:83,0
DA:84,0
DA:85,0
DA:102,0
DA:104,0
DA:106,0
DA:107,0
DA:111,0
DA:112,0
DA:113,0
DA:118,0
DA:121,1
DA:123,1
LF:46
LH:27
BRDA:14,0,0,1
BRDA:14,0,1,1
BRF:2
BRH:2
end_of_record
TN:
SF:library/appserver.js
FN:5,(anonymous_0)
FN:14,(anonymous_1)
FN:20,(anonymous_2)
FN:26,(anonymous_3)
FN:32,(anonymous_4)
FN:38,(anonymous_5)
FN:44,(anonymous_6)
FN:50,(anonymous_7)
FN:58,(anonymous_8)
FNF:9
FNH:3
FNDA:1,(anonymous_0)
FNDA:0,(anonymous_1)
FNDA:0,(anonymous_2)
FNDA:2,(anonymous_3)
FNDA:0,(anonymous_4)
FNDA:0,(anonymous_5)
FNDA:0,(anonymous_6)
FNDA:0,(anonymous_7)
FNDA:1,(anonymous_8)
DA:1,1
DA:7,1
DA:8,1
DA:9,1
DA:10,1
DA:16,0
DA:22,0
DA:28,2
DA:34,0
DA:40,0
DA:46,0
DA:52,0
DA:58,1
DA:60,1
LF:14
LH:8
BRF:0
BRH:0
end_of_record
TN:
SF:library/request.js
FN:5,(anonymous_0)
FN:13,(anonymous_1)
FNF:2
FNH:2
FNDA:2,(anonymous_0)
FNDA:2,(anonymous_1)
DA:7,2
DA:13,1
DA:15,2
LF:3
LH:3
BRF:0
BRH:0
end_of_record
TN:
SF:library/response.js
FN:10,(anonymous_0)
FN:17,(anonymous_1)
FN:29,(anonymous_2)
FN:41,(anonymous_3)
FN:47,(anonymous_4)
FN:55,(anonymous_5)
FNF:6
FNH:5
FNDA:2,(anonymous_0)
FNDA:4,(anonymous_1)
FNDA:4,(anonymous_2)
FNDA:0,(anonymous_3)
FNDA:2,(anonymous_4)
FNDA:2,(anonymous_5)
DA:2,1
DA:3,1
DA:5,1
DA:6,1
DA:12,2
DA:13,2
DA:19,4
DA:21,2
DA:25,4
DA:31,4
DA:33,2
DA:37,4
DA:43,0
DA:49,2
DA:55,1
DA:57,2
LF:16
LH:15
BRDA:19,0,0,2
BRDA:19,0,1,2
BRDA:31,1,0,2
BRDA:31,1,1,2
BRF:4
BRH:4
end_of_record
TN:
SF:module/http/request_verify.js
FN:5,(anonymous_0)
FN:13,(anonymous_1)
FNF:2
FNH:0
FNDA:0,(anonymous_0)
FNDA:0,(anonymous_1)
DA:7,0
DA:13,1
DA:15,0
LF:3
LH:1
BRF:0
BRH:0
end_of_record
TN:
SF:module/http/response_verify.js
FN:4,(anonymous_0)
FN:11,(anonymous_1)
FN:14,(anonymous_2)
FN:22,(anonymous_3)
FN:28,(anonymous_4)
FN:34,(anonymous_5)
FN:45,(anonymous_6)
FNF:7
FNH:6
FNDA:2,(anonymous_0)
FNDA:2,(anonymous_1)
FNDA:0,(anonymous_2)
FNDA:2,(anonymous_3)
FNDA:2,(anonymous_4)
FNDA:2,(anonymous_5)
FNDA:2,(anonymous_6)
DA:6,2
DA:7,2
DA:14,2
DA:16,0
DA:24,2
DA:30,2
DA:36,2
DA:37,2
DA:38,2
DA:45,1
DA:47,2
LF:11
LH:10
BRF:0
BRH:0
end_of_record
TN:
SF:module/http/routes.js
FN:13,(anonymous_0)
FN:19,(anonymous_1)
FN:26,(anonymous_2)
FN:32,(anonymous_3)
FNF:4
FNH:3
FNDA:1,(anonymous_0)
FNDA:0,(anonymous_1)
FNDA:2,(anonymous_2)
FNDA:4,(anonymous_3)
DA:2,1
DA:3,1
DA:5,1
DA:6,1
DA:8,1
DA:9,1
DA:15,1
DA:21,0
DA:28,2
DA:29,2
DA:30,2
DA:32,2
DA:34,4
DA:36,1
DA:37,1
DA:42,2
DA:44,1
DA:45,1
DA:49,2
DA:51,2
DA:57,1
LF:21
LH:20
BRDA:34,0,0,1
BRDA:34,0,1,3
BRDA:34,1,0,4
BRDA:34,1,1,1
BRDA:42,2,0,1
BRDA:42,2,1,1
BRF:6
BRH:6
end_of_record
TN:
SF:module/model/route_mapping.js
FN:16,routeMapping
FN:41,headerMapping
FNF:2
FNH:1
FNDA:2,routeMapping
FNDA:0,headerMapping
DA:18,2
DA:20,2
DA:21,2
DA:22,2
DA:23,2
DA:25,2
DA:43,0
DA:45,0
DA:46,0
DA:48,0
DA:51,1
DA:52,1
LF:12
LH:8
BRF:0
BRH:0
end_of_record
